2021-01-18 13:27:31 pid:5819 Workerman[socketCompany.php] start in DEBUG mode
2021-01-18 13:27:32 pid:5819 Workerman[socketCompany.php] stopping ...
2021-01-18 13:27:32 pid:5819 Workerman[socketCompany.php] has been stopped
2021-01-18 13:28:26 pid:5895 Workerman[socketCompany.php] start in DEBUG mode
2021-01-18 16:38:45 pid:5895 Workerman[socketCompany.php] stopping ...
2021-01-18 16:38:45 pid:5895 Workerman[socketCompany.php] has been stopped
2021-01-18 16:38:46 pid:13875 Workerman[socketCompany.php] start in DEBUG mode
2021-01-18 16:38:54 pid:13875 Workerman[socketCompany.php] stopping ...
2021-01-18 16:38:54 pid:13875 Workerman[socketCompany.php] has been stopped
2021-01-18 16:40:49 pid:13998 Workerman[socketCompany.php] start in DEBUG mode
2021-01-18 16:41:34 pid:14043 Workerman[socketCompany.php] status 
2021-01-18 16:41:47 pid:14067 Workerman[socketCompany.php] status 
2021-01-18 16:45:30 pid:13998 Workerman[socketCompany.php] stopping ...
2021-01-18 16:45:30 pid:13998 Workerman[socketCompany.php] has been stopped
2021-01-18 16:45:32 pid:14205 Workerman[socketCompany.php] start in DEBUG mode
2021-01-18 16:45:46 pid:14214 Workerman[socketCompany.php] status 
2021-01-18 16:49:03 pid:14205 Workerman[socketCompany.php] stopping ...
2021-01-18 16:49:03 pid:14205 Workerman[socketCompany.php] has been stopped
2021-01-18 16:49:04 pid:14343 Workerman[socketCompany.php] start in DEBUG mode
2021-01-18 16:54:54 pid:14343 Workerman[socketCompany.php] stopping ...
2021-01-18 16:54:54 pid:14343 Workerman[socketCompany.php] has been stopped
2021-01-18 16:55:03 pid:14581 Workerman[socketCompany.php] start in DEBUG mode
2021-01-18 18:27:30 pid:14581 Workerman[socketCompany.php] stopping ...
2021-01-18 18:27:30 pid:14581 Workerman[socketCompany.php] has been stopped
2021-01-19 10:59:40 pid:10054 Workerman[components/democontent2.pi/user.moderation/socketCompany.php] start in DEBUG mode
2021-01-19 11:00:53 pid:10112 Workerman[components/democontent2.pi/user.moderation/socketCompany.php] start in DEBUG mode
2021-01-19 11:01:00 pid:10114 Workerman[components/democontent2.pi/user.moderation/socketCompany.php] start in DEBUG mode
2021-01-19 11:01:51 pid:10154 Workerman[components/democontent2.pi/user.moderation/socketCompany.php] start in DEBUG mode
2021-01-19 11:02:12 pid:10166 Workerman[components/democontent2.pi/user.moderation/socketCompany.php] start in DEBUG mode
2021-01-19 11:36:22 pid:11683 Workerman[components/democontent2.pi/user.moderation/socketCompany.php] start in DEBUG mode
2021-01-19 11:37:11 pid:11715 Workerman[socketCompany.php] start in DEBUG mode
2021-01-19 11:37:16 pid:11723 Workerman[components/democontent2.pi/user.moderation/socketCompany.php] start in DEBUG mode
2021-01-19 11:37:27 pid:11715 Workerman[socketCompany.php] stopping ...
2021-01-19 11:37:27 pid:11715 Workerman[socketCompany.php] has been stopped
2021-01-19 11:39:40 pid:11817 Workerman[/volume1/web/develop.su/bitrix/components/democontent2.pi/user.moderation/socketCompany.php] start in DEBUG mode
2021-01-19 11:40:43 pid:11853 Workerman[/volume1/web/develop.su/bitrix/components/democontent2.pi/user.moderation/socketCompany.php] start in DEBUG mode
2021-01-19 11:41:38 pid:11884 Workerman[components/democontent2.pi/user.moderation/socketCompany.php] start in DEBUG mode
2021-01-19 11:44:13 pid:11980 Workerman[components/democontent2.pi/user.moderation/socketCompany.php] start in DEBUG mode
2021-01-19 11:45:10 pid:12025 Workerman[components/democontent2.pi/user.moderation/socketCompany.php] start in DEBUG mode
2021-01-19 11:45:26 pid:12030 Workerman[components/democontent2.pi/user.moderation/socketCompany.php] start in DEBUG mode
2021-01-19 11:46:09 pid:12058 Workerman[components/democontent2.pi/user.moderation/socketCompany.php] start in DEBUG mode
2021-01-19 11:47:14 pid:12099 Workerman[components/democontent2.pi/user.moderation/socketCompany.php] start in DEBUG mode
